<?xml version="1.0" encoding="UTF-8"?>
<testsuite xmlns:xsi="http://www.w3.org/2001/XMLSchema-instance" xsi:noNamespaceSchemaLocation="https://maven.apache.org/surefire/maven-surefire-plugin/xsd/surefire-test-report.xsd" version="3.0.1" name="blueStack.ocee_cluster.AppTest" time="0.024" tests="1" errors="0" skipped="0" failures="0">
  <properties>
    <property name="java.specification.version" value="17"/>
    <property name="sun.cpu.isalist" value="amd64"/>
    <property name="sun.jnu.encoding" value="Cp1252"/>
    <property name="java.class.path" value="C:\Users\vpode\workspace_cmsmedios_maven\ocee-cluster\target\test-classes;C:\Users\vpode\workspace_cmsmedios_maven\ocee-cluster\target\classes;C:\Users\vpode\.m2\repository\junit\junit\3.8.1\junit-3.8.1.jar;C:\Users\vpode\.m2\repository\jakarta\servlet\jakarta.servlet-api\6.0.0\jakarta.servlet-api-6.0.0.jar;C:\Users\vpode\.m2\repository\blueStack\opencms-core\0.0.1-SNAPSHOT\opencms-core-0.0.1-SNAPSHOT.jar;C:\Users\vpode\.m2\repository\blueStack\otp\0.0.1-SNAPSHOT\otp-0.0.1-SNAPSHOT.jar;C:\Users\vpode\.m2\repository\blueStack\simapi\0.0.1-SNAPSHOT\simapi-0.0.1-SNAPSHOT.jar;C:\Users\vpode\.m2\repository\org\apache\commons\commons-fileupload2-jakarta\2.0.0-M1\commons-fileupload2-jakarta-2.0.0-M1.jar;C:\Users\vpode\.m2\repository\org\apache\commons\commons-fileupload2-core\2.0.0-M1\commons-fileupload2-core-2.0.0-M1.jar;C:\Users\vpode\.m2\repository\commons-io\commons-io\2.17.0\commons-io-2.17.0.jar;C:\Users\vpode\.m2\repository\commons-logging\commons-logging\1.3.4\commons-logging-1.3.4.jar;C:\Users\vpode\.m2\repository\xerces\xercesImpl\2.12.2\xercesImpl-2.12.2.jar;C:\Users\vpode\.m2\repository\commons-fileupload\commons-fileupload\1.5\commons-fileupload-1.5.jar;C:\Users\vpode\.m2\repository\org\apache\commons\commons-collections4\4.4\commons-collections4-4.4.jar;C:\Users\vpode\.m2\repository\commons-collections\commons-collections\3.2.2\commons-collections-3.2.2.jar;C:\Users\vpode\.m2\repository\org\apache\commons\commons-email\1.6.0\commons-email-1.6.0.jar;C:\Users\vpode\.m2\repository\com\sun\mail\jakarta.mail\1.6.7\jakarta.mail-1.6.7.jar;C:\Users\vpode\.m2\repository\com\sun\activation\jakarta.activation\1.2.1\jakarta.activation-1.2.1.jar;C:\Users\vpode\.m2\repository\commons-dbcp\commons-dbcp\1.3\commons-dbcp-1.3.jar;C:\Users\vpode\.m2\repository\commons-pool\commons-pool\1.5.4\commons-pool-1.5.4.jar;C:\Users\vpode\.m2\repository\org\apache\commons\commons-configuration2\2.11.0\commons-configuration2-2.11.0.jar;C:\Users\vpode\.m2\repository\org\apache\commons\commons-lang3\3.14.0\commons-lang3-3.14.0.jar;C:\Users\vpode\.m2\repository\org\apache\commons\commons-text\1.12.0\commons-text-1.12.0.jar;C:\Users\vpode\.m2\repository\commons-codec\commons-codec\1.17.1\commons-codec-1.17.1.jar;C:\Users\vpode\.m2\repository\org\apache\commons\commons-digester3\3.2\commons-digester3-3.2.jar;C:\Users\vpode\.m2\repository\cglib\cglib\2.2.2\cglib-2.2.2.jar;C:\Users\vpode\.m2\repository\asm\asm\3.3.1\asm-3.3.1.jar;C:\Users\vpode\.m2\repository\commons-beanutils\commons-beanutils\1.8.3\commons-beanutils-1.8.3.jar;C:\Users\vpode\.m2\repository\oro\oro\2.0.8\oro-2.0.8.jar;C:\Users\vpode\.m2\repository\org\dom4j\dom4j\2.1.4\dom4j-2.1.4.jar;C:\Users\vpode\.m2\repository\org\htmlparser\htmlparser\2.1\htmlparser-2.1.jar;C:\Users\vpode\.m2\repository\org\htmlparser\htmllexer\2.1\htmllexer-2.1.jar;C:\Users\vpode\.m2\repository\org\antlr\antlr4\4.7.1\antlr4-4.7.1.jar;C:\Users\vpode\.m2\repository\org\antlr\antlr4-runtime\4.7.1\antlr4-runtime-4.7.1.jar;C:\Users\vpode\.m2\repository\org\antlr\antlr-runtime\3.5.2\antlr-runtime-3.5.2.jar;C:\Users\vpode\.m2\repository\org\antlr\ST4\4.0.8\ST4-4.0.8.jar;C:\Users\vpode\.m2\repository\org\abego\treelayout\org.abego.treelayout.core\1.0.3\org.abego.treelayout.core-1.0.3.jar;C:\Users\vpode\.m2\repository\org\glassfish\javax.json\1.0.4\javax.json-1.0.4.jar;C:\Users\vpode\.m2\repository\com\ibm\icu\icu4j\58.2\icu4j-58.2.jar;C:\Users\vpode\.m2\repository\com\mysql\mysql-connector-j\9.1.0\mysql-connector-j-9.1.0.jar;C:\Users\vpode\.m2\repository\com\google\protobuf\protobuf-java\4.26.1\protobuf-java-4.26.1.jar;C:\Users\vpode\.m2\repository\org\apache-extras\beanshell\bsh\2.0b6\bsh-2.0b6.jar;C:\Users\vpode\.m2\repository\org\safehaus\jug\jug\2.0.0\jug-2.0.0-lgpl.jar;C:\Users\vpode\.m2\repository\org\apache\lucene\lucene-core\6.6.6\lucene-core-6.6.6.jar;C:\Users\vpode\.m2\repository\org\apache\lucene\lucene-queries\6.6.6\lucene-queries-6.6.6.jar;C:\Users\vpode\.m2\repository\org\apache\lucene\lucene-queryparser\6.6.6\lucene-queryparser-6.6.6.jar;C:\Users\vpode\.m2\repository\org\apache\lucene\lucene-sandbox\6.6.6\lucene-sandbox-6.6.6.jar;C:\Users\vpode\.m2\repository\org\apache\lucene\lucene-misc\6.6.6\lucene-misc-6.6.6.jar;C:\Users\vpode\.m2\repository\org\apache\lucene\lucene-highlighter\6.6.6\lucene-highlighter-6.6.6.jar;C:\Users\vpode\.m2\repository\org\apache\lucene\lucene-join\6.6.6\lucene-join-6.6.6.jar;C:\Users\vpode\.m2\repository\org\apache\lucene\lucene-memory\6.6.6\lucene-memory-6.6.6.jar;C:\Users\vpode\.m2\repository\org\apache\lucene\lucene-analyzers-common\6.6.6\lucene-analyzers-common-6.6.6.jar;C:\Users\vpode\.m2\repository\com\alkacon\alkacon-diff\0.9.2\alkacon-diff-0.9.2.jar;C:\Users\vpode\.m2\repository\org\quartz-scheduler\quartz\2.3.2\quartz-2.3.2.jar;C:\Users\vpode\.m2\repository\com\mchange\c3p0\0.9.5.4\c3p0-0.9.5.4.jar;C:\Users\vpode\.m2\repository\com\mchange\mchange-commons-java\0.2.15\mchange-commons-java-0.2.15.jar;C:\Users\vpode\.m2\repository\com\zaxxer\HikariCP-java7\2.4.13\HikariCP-java7-2.4.13.jar;C:\Users\vpode\.m2\repository\org\slf4j\slf4j-api\1.7.7\slf4j-api-1.7.7.jar;C:\Users\vpode\.m2\repository\jakarta\validation\jakarta.validation-api\3.1.0\jakarta.validation-api-3.1.0.jar;C:\Users\vpode\.m2\repository\org\apache\logging\log4j\log4j-core\2.24.1\log4j-core-2.24.1.jar;C:\Users\vpode\.m2\repository\org\apache\logging\log4j\log4j-api\2.24.1\log4j-api-2.24.1.jar;C:\Users\vpode\.m2\repository\org\hibernate\jtidy\r8-20060801\jtidy-r8-20060801.jar;C:\Users\vpode\.m2\repository\org\textmining\tm-extractors\0.4\tm-extractors-0.4.jar;C:\Users\vpode\.m2\repository\poi\poi\2.5.1-final-20040804\poi-2.5.1-final-20040804.jar;C:\Users\vpode\.m2\repository\org\apache\pdfbox\pdfbox\1.5.0\pdfbox-1.5.0.jar;C:\Users\vpode\.m2\repository\org\apache\pdfbox\fontbox\1.5.0\fontbox-1.5.0.jar;C:\Users\vpode\.m2\repository\org\apache\pdfbox\jempbox\1.5.0\jempbox-1.5.0.jar;C:\Users\vpode\.m2\repository\blueStack\ocee-base\0.0.1-SNAPSHOT\ocee-base-0.0.1-SNAPSHOT.jar;C:\Users\vpode\.m2\repository\blueStack\opencms-modules\0.0.1-SNAPSHOT\opencms-modules-0.0.1-SNAPSHOT.jar;C:\Users\vpode\.m2\repository\freemarker\freemarker\2.3.6\freemarker-2.3.6.jar;C:\Users\vpode\.m2\repository\commons-httpclient\commons-httpclient\3.1\commons-httpclient-3.1.jar;C:\Users\vpode\.m2\repository\jakarta\servlet\jsp\jakarta.servlet.jsp-api\3.1.1\jakarta.servlet.jsp-api-3.1.1.jar;"/>
    <property name="java.vm.vendor" value="Eclipse Adoptium"/>
    <property name="sun.arch.data.model" value="64"/>
    <property name="user.variant" value=""/>
    <property name="java.vendor.url" value="https://adoptium.net/"/>
    <property name="user.timezone" value="America/Buenos_Aires"/>
    <property name="os.name" value="Windows 11"/>
    <property name="java.vm.specification.version" value="17"/>
    <property name="sun.java.launcher" value="SUN_STANDARD"/>
    <property name="user.country" value="AR"/>
    <property name="sun.boot.library.path" value="C:\Users\vpode\.p2\pool\plugins\org.eclipse.justj.openjdk.hotspot.jre.full.win32.x86_64_17.0.8.v20230801-1951\jre\bin"/>
    <property name="sun.java.command" value="C:\Users\vpode\AppData\Local\Temp\surefire14506271183146076683\surefirebooter-20241016163520285_3.jar C:\Users\vpode\AppData\Local\Temp\surefire14506271183146076683 2024-10-16T16-35-20_048-jvmRun1 surefire-20241016163520285_1tmp surefire_0-20241016163520285_2tmp"/>
    <property name="jdk.debug" value="release"/>
    <property name="surefire.test.class.path" value="C:\Users\vpode\workspace_cmsmedios_maven\ocee-cluster\target\test-classes;C:\Users\vpode\workspace_cmsmedios_maven\ocee-cluster\target\classes;C:\Users\vpode\.m2\repository\junit\junit\3.8.1\junit-3.8.1.jar;C:\Users\vpode\.m2\repository\jakarta\servlet\jakarta.servlet-api\6.0.0\jakarta.servlet-api-6.0.0.jar;C:\Users\vpode\.m2\repository\blueStack\opencms-core\0.0.1-SNAPSHOT\opencms-core-0.0.1-SNAPSHOT.jar;C:\Users\vpode\.m2\repository\blueStack\otp\0.0.1-SNAPSHOT\otp-0.0.1-SNAPSHOT.jar;C:\Users\vpode\.m2\repository\blueStack\simapi\0.0.1-SNAPSHOT\simapi-0.0.1-SNAPSHOT.jar;C:\Users\vpode\.m2\repository\org\apache\commons\commons-fileupload2-jakarta\2.0.0-M1\commons-fileupload2-jakarta-2.0.0-M1.jar;C:\Users\vpode\.m2\repository\org\apache\commons\commons-fileupload2-core\2.0.0-M1\commons-fileupload2-core-2.0.0-M1.jar;C:\Users\vpode\.m2\repository\commons-io\commons-io\2.17.0\commons-io-2.17.0.jar;C:\Users\vpode\.m2\repository\commons-logging\commons-logging\1.3.4\commons-logging-1.3.4.jar;C:\Users\vpode\.m2\repository\xerces\xercesImpl\2.12.2\xercesImpl-2.12.2.jar;C:\Users\vpode\.m2\repository\commons-fileupload\commons-fileupload\1.5\commons-fileupload-1.5.jar;C:\Users\vpode\.m2\repository\org\apache\commons\commons-collections4\4.4\commons-collections4-4.4.jar;C:\Users\vpode\.m2\repository\commons-collections\commons-collections\3.2.2\commons-collections-3.2.2.jar;C:\Users\vpode\.m2\repository\org\apache\commons\commons-email\1.6.0\commons-email-1.6.0.jar;C:\Users\vpode\.m2\repository\com\sun\mail\jakarta.mail\1.6.7\jakarta.mail-1.6.7.jar;C:\Users\vpode\.m2\repository\com\sun\activation\jakarta.activation\1.2.1\jakarta.activation-1.2.1.jar;C:\Users\vpode\.m2\repository\commons-dbcp\commons-dbcp\1.3\commons-dbcp-1.3.jar;C:\Users\vpode\.m2\repository\commons-pool\commons-pool\1.5.4\commons-pool-1.5.4.jar;C:\Users\vpode\.m2\repository\org\apache\commons\commons-configuration2\2.11.0\commons-configuration2-2.11.0.jar;C:\Users\vpode\.m2\repository\org\apache\commons\commons-lang3\3.14.0\commons-lang3-3.14.0.jar;C:\Users\vpode\.m2\repository\org\apache\commons\commons-text\1.12.0\commons-text-1.12.0.jar;C:\Users\vpode\.m2\repository\commons-codec\commons-codec\1.17.1\commons-codec-1.17.1.jar;C:\Users\vpode\.m2\repository\org\apache\commons\commons-digester3\3.2\commons-digester3-3.2.jar;C:\Users\vpode\.m2\repository\cglib\cglib\2.2.2\cglib-2.2.2.jar;C:\Users\vpode\.m2\repository\asm\asm\3.3.1\asm-3.3.1.jar;C:\Users\vpode\.m2\repository\commons-beanutils\commons-beanutils\1.8.3\commons-beanutils-1.8.3.jar;C:\Users\vpode\.m2\repository\oro\oro\2.0.8\oro-2.0.8.jar;C:\Users\vpode\.m2\repository\org\dom4j\dom4j\2.1.4\dom4j-2.1.4.jar;C:\Users\vpode\.m2\repository\org\htmlparser\htmlparser\2.1\htmlparser-2.1.jar;C:\Users\vpode\.m2\repository\org\htmlparser\htmllexer\2.1\htmllexer-2.1.jar;C:\Users\vpode\.m2\repository\org\antlr\antlr4\4.7.1\antlr4-4.7.1.jar;C:\Users\vpode\.m2\repository\org\antlr\antlr4-runtime\4.7.1\antlr4-runtime-4.7.1.jar;C:\Users\vpode\.m2\repository\org\antlr\antlr-runtime\3.5.2\antlr-runtime-3.5.2.jar;C:\Users\vpode\.m2\repository\org\antlr\ST4\4.0.8\ST4-4.0.8.jar;C:\Users\vpode\.m2\repository\org\abego\treelayout\org.abego.treelayout.core\1.0.3\org.abego.treelayout.core-1.0.3.jar;C:\Users\vpode\.m2\repository\org\glassfish\javax.json\1.0.4\javax.json-1.0.4.jar;C:\Users\vpode\.m2\repository\com\ibm\icu\icu4j\58.2\icu4j-58.2.jar;C:\Users\vpode\.m2\repository\com\mysql\mysql-connector-j\9.1.0\mysql-connector-j-9.1.0.jar;C:\Users\vpode\.m2\repository\com\google\protobuf\protobuf-java\4.26.1\protobuf-java-4.26.1.jar;C:\Users\vpode\.m2\repository\org\apache-extras\beanshell\bsh\2.0b6\bsh-2.0b6.jar;C:\Users\vpode\.m2\repository\org\safehaus\jug\jug\2.0.0\jug-2.0.0-lgpl.jar;C:\Users\vpode\.m2\repository\org\apache\lucene\lucene-core\6.6.6\lucene-core-6.6.6.jar;C:\Users\vpode\.m2\repository\org\apache\lucene\lucene-queries\6.6.6\lucene-queries-6.6.6.jar;C:\Users\vpode\.m2\repository\org\apache\lucene\lucene-queryparser\6.6.6\lucene-queryparser-6.6.6.jar;C:\Users\vpode\.m2\repository\org\apache\lucene\lucene-sandbox\6.6.6\lucene-sandbox-6.6.6.jar;C:\Users\vpode\.m2\repository\org\apache\lucene\lucene-misc\6.6.6\lucene-misc-6.6.6.jar;C:\Users\vpode\.m2\repository\org\apache\lucene\lucene-highlighter\6.6.6\lucene-highlighter-6.6.6.jar;C:\Users\vpode\.m2\repository\org\apache\lucene\lucene-join\6.6.6\lucene-join-6.6.6.jar;C:\Users\vpode\.m2\repository\org\apache\lucene\lucene-memory\6.6.6\lucene-memory-6.6.6.jar;C:\Users\vpode\.m2\repository\org\apache\lucene\lucene-analyzers-common\6.6.6\lucene-analyzers-common-6.6.6.jar;C:\Users\vpode\.m2\repository\com\alkacon\alkacon-diff\0.9.2\alkacon-diff-0.9.2.jar;C:\Users\vpode\.m2\repository\org\quartz-scheduler\quartz\2.3.2\quartz-2.3.2.jar;C:\Users\vpode\.m2\repository\com\mchange\c3p0\0.9.5.4\c3p0-0.9.5.4.jar;C:\Users\vpode\.m2\repository\com\mchange\mchange-commons-java\0.2.15\mchange-commons-java-0.2.15.jar;C:\Users\vpode\.m2\repository\com\zaxxer\HikariCP-java7\2.4.13\HikariCP-java7-2.4.13.jar;C:\Users\vpode\.m2\repository\org\slf4j\slf4j-api\1.7.7\slf4j-api-1.7.7.jar;C:\Users\vpode\.m2\repository\jakarta\validation\jakarta.validation-api\3.1.0\jakarta.validation-api-3.1.0.jar;C:\Users\vpode\.m2\repository\org\apache\logging\log4j\log4j-core\2.24.1\log4j-core-2.24.1.jar;C:\Users\vpode\.m2\repository\org\apache\logging\log4j\log4j-api\2.24.1\log4j-api-2.24.1.jar;C:\Users\vpode\.m2\repository\org\hibernate\jtidy\r8-20060801\jtidy-r8-20060801.jar;C:\Users\vpode\.m2\repository\org\textmining\tm-extractors\0.4\tm-extractors-0.4.jar;C:\Users\vpode\.m2\repository\poi\poi\2.5.1-final-20040804\poi-2.5.1-final-20040804.jar;C:\Users\vpode\.m2\repository\org\apache\pdfbox\pdfbox\1.5.0\pdfbox-1.5.0.jar;C:\Users\vpode\.m2\repository\org\apache\pdfbox\fontbox\1.5.0\fontbox-1.5.0.jar;C:\Users\vpode\.m2\repository\org\apache\pdfbox\jempbox\1.5.0\jempbox-1.5.0.jar;C:\Users\vpode\.m2\repository\blueStack\ocee-base\0.0.1-SNAPSHOT\ocee-base-0.0.1-SNAPSHOT.jar;C:\Users\vpode\.m2\repository\blueStack\opencms-modules\0.0.1-SNAPSHOT\opencms-modules-0.0.1-SNAPSHOT.jar;C:\Users\vpode\.m2\repository\freemarker\freemarker\2.3.6\freemarker-2.3.6.jar;C:\Users\vpode\.m2\repository\commons-httpclient\commons-httpclient\3.1\commons-httpclient-3.1.jar;C:\Users\vpode\.m2\repository\jakarta\servlet\jsp\jakarta.servlet.jsp-api\3.1.1\jakarta.servlet.jsp-api-3.1.1.jar;"/>
    <property name="sun.cpu.endian" value="little"/>
    <property name="user.home" value="C:\Users\vpode"/>
    <property name="user.language" value="es"/>
    <property name="java.specification.vendor" value="Oracle Corporation"/>
    <property name="java.version.date" value="2023-07-18"/>
    <property name="java.home" value="C:\Users\vpode\.p2\pool\plugins\org.eclipse.justj.openjdk.hotspot.jre.full.win32.x86_64_17.0.8.v20230801-1951\jre"/>
    <property name="file.separator" value="\"/>
    <property name="style.color" value="always"/>
    <property name="basedir" value="C:\Users\vpode\workspace_cmsmedios_maven\ocee-cluster"/>
    <property name="java.vm.compressedOopsMode" value="Zero based"/>
    <property name="line.separator" value="&#10;"/>
    <property name="java.vm.specification.vendor" value="Oracle Corporation"/>
    <property name="java.specification.name" value="Java Platform API Specification"/>
    <property name="surefire.real.class.path" value="C:\Users\vpode\AppData\Local\Temp\surefire14506271183146076683\surefirebooter-20241016163520285_3.jar"/>
    <property name="user.script" value=""/>
    <property name="sun.management.compiler" value="HotSpot 64-Bit Tiered Compilers"/>
    <property name="java.runtime.version" value="17.0.8+7"/>
    <property name="user.name" value="vpode"/>
    <property name="path.separator" value=";"/>
    <property name="os.version" value="10.0"/>
    <property name="java.runtime.name" value="OpenJDK Runtime Environment"/>
    <property name="file.encoding" value="Cp1252"/>
    <property name="java.vm.name" value="OpenJDK 64-Bit Server VM"/>
    <property name="java.vendor.version" value="Temurin-17.0.8+7"/>
    <property name="localRepository" value="C:\Users\vpode\.m2\repository"/>
    <property name="java.vendor.url.bug" value="https://github.com/adoptium/adoptium-support/issues"/>
    <property name="java.io.tmpdir" value="C:\Users\vpode\AppData\Local\Temp\"/>
    <property name="java.version" value="17.0.8"/>
    <property name="user.dir" value="C:\Users\vpode\workspace_cmsmedios_maven\ocee-cluster"/>
    <property name="os.arch" value="amd64"/>
    <property name="java.vm.specification.name" value="Java Virtual Machine Specification"/>
    <property name="sun.os.patch.level" value=""/>
    <property name="native.encoding" value="Cp1252"/>
    <property name="java.library.path" value="C:\Users\vpode\.p2\pool\plugins\org.eclipse.justj.openjdk.hotspot.jre.full.win32.x86_64_17.0.8.v20230801-1951\jre\bin;C:\WINDOWS\Sun\Java\bin;C:\WINDOWS\system32;C:\WINDOWS;C:/Users/vpode/.p2/pool/plugins/org.eclipse.justj.openjdk.hotspot.jre.full.win32.x86_64_23.0.0.v20240919-1706/jre/bin/server;C:/Users/vpode/.p2/pool/plugins/org.eclipse.justj.openjdk.hotspot.jre.full.win32.x86_64_23.0.0.v20240919-1706/jre/bin;C:\Program Files (x86)\Common Files\Oracle\Java\java8path;C:\Program Files (x86)\Common Files\Oracle\Java\javapath;C:\Python312\Scripts\;C:\Python312\;C:\Program Files (x86)\VMware\VMware Player\bin\;C:\WINDOWS\system32;C:\WINDOWS;C:\WINDOWS\System32\Wbem;C:\WINDOWS\System32\WindowsPowerShell\v1.0\;C:\WINDOWS\System32\OpenSSH\;C:\Program Files\PuTTY\;C:\Program Files\Amazon\AWSCLIV2\;C:\Program Files\Git\cmd;C:\Program Files\dotnet\;C:\ProgramData\chocolatey\bin;C:\Program Files\Microsoft SQL Server\150\Tools\Binn\;C:\Program Files\Microsoft SQL Server\Client SDK\ODBC\170\Tools\Binn\;C:\WINDOWS\system32;C:\WINDOWS;C:\WINDOWS\System32\Wbem;C:\WINDOWS\System32\WindowsPowerShell\v1.0\;C:\WINDOWS\System32\OpenSSH\;C:\Program Files\Docker\Docker\resources\bin;C:\Program Files\nodejs\;C:\Users\vpode\AppData\Local\Microsoft\WindowsApps;C:\Users\vpode\AppData\Local\Programs\Microsoft VS Code\bin;C:\Users\vpode\.dotnet\tools;C:\Users\vpode\AppData\Roaming\npm;C:\Users\vpode\apache-maven-3.9.8\bin;;C:\WINDOWS\system32;;."/>
    <property name="java.vm.info" value="mixed mode"/>
    <property name="java.vendor" value="Eclipse Adoptium"/>
    <property name="java.vm.version" value="17.0.8+7"/>
    <property name="sun.io.unicode.encoding" value="UnicodeLittle"/>
    <property name="java.class.version" value="61.0"/>
  </properties>
  <testcase name="testApp" classname="blueStack.ocee_cluster.AppTest" time="0.001"/>
</testsuite>